#
# A fatal error has been detected by the Java Runtime Environment:
#
#  EXCEPTION_ACCESS_VIOLATION (0xc0000005) at pc=0x00007ffddd6f84be, pid=73700, tid=0x0000000000010ab8
#
# JRE version: Java(TM) SE Runtime Environment (8.0_162-b12) (build 1.8.0_162-b12)
# Java VM: Java HotSpot(TM) 64-Bit Server VM (25.162-b12 mixed mode windows-amd64 compressed oops)
# Problematic frame:
# C  [nvoglv64.dll+0xfe84be]
#
# Failed to write core dump. Minidumps are not enabled by default on client versions of Windows
#
# If you would like to submit a bug report, please visit:
#   http://bugreport.java.com/bugreport/crash.jsp
# The crash happened outside the Java Virtual Machine in native code.
# See problematic frame for where to report the bug.
#

---------------  T H R E A D  ---------------

Current thread (0x00000000028a7000):  JavaThread "Main client thread" [_thread_in_native, id=68280, stack(0x0000000002620000,0x0000000002720000)]

siginfo: ExceptionCode=0xc0000005, reading address 0x000000002dc83000

Registers:
RAX=0x00000000222245b8, RBX=0x00000000222245b8, RCX=0x0000000000001000, RDX=0x000000000ba5ba48
RSP=0x000000000271ed18, RBP=0x000000002dc80000, RSI=0x000000002dc83000, RDI=0x00000000222275b8
R8 =0x0000000000004000, R9 =0x0000000000000008, R10=0x000000002dc80000, R11=0x00000000222245b8
R12=0x0000000000001908, R13=0x0000000000000000, R14=0x0000000000000040, R15=0x0000000000001401
RIP=0x00007ffddd6f84be, EFLAGS=0x0000000000010202

Top of Stack: (sp=0x000000000271ed18)
0x000000000271ed18:   0000000000004000 0000000021925080
0x000000000271ed28:   00007ffddcdf8b40 0000000000000040
0x000000000271ed38:   0000000000000000 00000000028a7000
0x000000000271ed48:   00000000028a7000 0000000000001908
0x000000000271ed58:   0000000000001401 000000002dc80000
0x000000000271ed68:   00000000028a7000 0000000700004000
0x000000000271ed78:   00000007c0098560 00000000028a7000
0x000000000271ed88:   000000000271efa0 000000002997c4b0
0x000000000271ed98:   0000000000000000 0000000000008058
0x000000000271eda8:   0000000000000000 0000000000000de1
0x000000000271edb8:   00007ffdebf3e014 0000000000000de1
0x000000000271edc8:   0000000000000000 0000000700008058
0x000000000271edd8:   0000000000000040 0000000000000040
0x000000000271ede8:   0000000000000000 000035f700001908
0x000000000271edf8:   0000000000001401 000000002dc80000
0x000000000271ee08:   000000006d9aadac 00000000029a7da0 

Instructions: (pc=0x00007ffddd6f84be)
0x00007ffddd6f849e:   cc cc cc cc cc cc cc cc 66 66 0f 1f 84 00 00 00
0x00007ffddd6f84ae:   00 00 57 56 49 8b c3 48 8b f9 49 8b c8 49 8b f2
0x00007ffddd6f84be:   f3 a4 5e 5f c3 cc cc cc cc cc cc 0f 1f 80 00 00
0x00007ffddd6f84ce:   00 00 4c 8b d9 4c 8b d2 49 83 f8 10 76 54 49 83 


Register to memory mapping:

RAX=0x00000000222245b8 is an unknown value
RBX=0x00000000222245b8 is an unknown value
RCX=0x0000000000001000 is an unknown value
RDX=0x000000000ba5ba48 is an unknown value
RSP=0x000000000271ed18 is pointing into the stack for thread: 0x00000000028a7000
RBP=0x000000002dc80000 is an unknown value
RSI=0x000000002dc83000 is an unknown value
RDI=0x00000000222275b8 is an unknown value
R8 =0x0000000000004000 is an unknown value
R9 =0x0000000000000008 is an unknown value
R10=0x000000002dc80000 is an unknown value
R11=0x00000000222245b8 is an unknown value
R12=0x0000000000001908 is an unknown value
R13=0x0000000000000000 is an unknown value
R14=0x0000000000000040 is an unknown value
R15=0x0000000000001401 is an unknown value


Stack: [0x0000000002620000,0x0000000002720000],  sp=0x000000000271ed18,  free space=1019k
Native frames: (J=compiled Java code, j=interpreted, Vv=VM code, C=native code)
C  [nvoglv64.dll+0xfe84be]
C  [nvoglv64.dll+0x6e8b40]
C  [OPENGL32.dll+0x2e014]
C  [lwjgl_opengl.dll+0xcab5]
C  0x00000000029b8c67

Java frames: (J=compiled Java code, j=interpreted, Vv=VM code)
j  org.lwjgl.opengl.GL11C.nglTexImage2D(IIIIIIIIJ)V+0
j  org.lwjgl.opengl.GL11C.glTexImage2D(IIIIIIIILjava/nio/ByteBuffer;)V+17
j  org.lwjgl.opengl.GL11.glTexImage2D(IIIIIIIILjava/nio/ByteBuffer;)V+14
j  com.quartzy.engine.graphics.Texture.<init>(Lcom/quartzy/engine/utils/Resource;)V+277
j  com.quartzy.engine.graphics.TextureManager.addTexture(Lcom/quartzy/engine/utils/Resource;)V+33
j  com.quartzy.engine.utils.ResourceManager.addResource(Lcom/quartzy/engine/utils/Resource;)V+60
j  com.quartzy.engine.world.World.loadTilesFromFile(Lcom/quartzy/engine/utils/ResourceManager;)V+89
j  com.quartzy.engine.Client.init([Ljava/lang/String;)V+151
j  com.quartzy.client.Main.main([Ljava/lang/String;)V+10
v  ~StubRoutines::call_stub

---------------  P R O C E S S  ---------------

Java Threads: ( => current thread )
  0x0000000028a1b800 JavaThread "AWT-Windows" daemon [_thread_in_native, id=73108, stack(0x0000000029fe0000,0x000000002a0e0000)]
  0x0000000028958800 JavaThread "AWT-Shutdown" [_thread_blocked, id=73328, stack(0x0000000029ee0000,0x0000000029fe0000)]
  0x0000000028b0a000 JavaThread "Java2D Disposer" daemon [_thread_blocked, id=72036, stack(0x0000000029de0000,0x0000000029ee0000)]
  0x000000001ef21000 JavaThread "Service Thread" daemon [_thread_blocked, id=73424, stack(0x000000001f890000,0x000000001f990000)]
  0x000000001ee92800 JavaThread "C1 CompilerThread3" daemon [_thread_blocked, id=73196, stack(0x000000001f790000,0x000000001f890000)]
  0x000000001e78e800 JavaThread "C2 CompilerThread2" daemon [_thread_blocked, id=73340, stack(0x000000001f690000,0x000000001f790000)]
  0x000000001e78c800 JavaThread "C2 CompilerThread1" daemon [_thread_blocked, id=72752, stack(0x000000001ed90000,0x000000001ee90000)]
  0x000000001e786000 JavaThread "C2 CompilerThread0" daemon [_thread_blocked, id=60952, stack(0x000000001ec90000,0x000000001ed90000)]
  0x000000001e784800 JavaThread "Monitor Ctrl-Break" daemon [_thread_in_native, id=73336, stack(0x000000001eb90000,0x000000001ec90000)]
  0x000000001e3c7800 JavaThread "Attach Listener" daemon [_thread_blocked, id=72592, stack(0x000000001ea90000,0x000000001eb90000)]
  0x000000001e3cd800 JavaThread "Signal Dispatcher" daemon [_thread_blocked, id=73436, stack(0x000000001e990000,0x000000001ea90000)]
  0x000000001e3b0800 JavaThread "Finalizer" daemon [_thread_blocked, id=73312, stack(0x000000001e790000,0x000000001e890000)]
  0x000000001c4be000 JavaThread "Reference Handler" daemon [_thread_blocked, id=71020, stack(0x000000001e290000,0x000000001e390000)]
=>0x00000000028a7000 JavaThread "Main client thread" [_thread_in_native, id=68280, stack(0x0000000002620000,0x0000000002720000)]

Other Threads:
  0x000000001c4ba000 VMThread [stack: 0x000000001e190000,0x000000001e290000] [id=73112]
  0x000000001efb6800 WatcherThread [stack: 0x000000001f990000,0x000000001fa90000] [id=73240]

VM state:not at safepoint (normal execution)

VM Mutex/Monitor currently owned by a thread: None

Heap:
 PSYoungGen      total 76288K, used 36988K [0x000000076ad80000, 0x0000000770280000, 0x00000007c0000000)
  eden space 65536K, 56% used [0x000000076ad80000,0x000000076d19f090,0x000000076ed80000)
  from space 10752K, 0% used [0x000000076f800000,0x000000076f800000,0x0000000770280000)
  to   space 10752K, 0% used [0x000000076ed80000,0x000000076ed80000,0x000000076f800000)
 ParOldGen       total 175104K, used 0K [0x00000006c0800000, 0x00000006cb300000, 0x000000076ad80000)
  object space 175104K, 0% used [0x00000006c0800000,0x00000006c0800000,0x00000006cb300000)
 Metaspace       used 13654K, capacity 13911K, committed 14208K, reserved 1062912K
  class space    used 1220K, capacity 1319K, committed 1408K, reserved 1048576K

Card table byte_map: [0x0000000011d60000,0x0000000012560000] byte_map_base: 0x000000000e75c000

Marking Bits: (ParMarkBitMap*) 0x000000006e0a0860
 Begin Bits: [0x00000000132c0000, 0x00000000172a0000)
 End Bits:   [0x00000000172a0000, 0x000000001b280000)

Polling page: 0x0000000000890000

CodeCache: size=245760Kb used=3822Kb max_used=3834Kb free=241938Kb
 bounds [0x00000000029a0000, 0x0000000002d70000, 0x00000000119a0000]
 total_blobs=1991 nmethods=938 adapters=966
 compilation: enabled

Compilation events (10 events):
Event: 1.644 Thread 0x000000001ee92800 nmethod 934 0x0000000002d4abd0 code [0x0000000002d4ad40, 0x0000000002d4aec8]
Event: 1.645 Thread 0x000000001ee92800  935       3       java.lang.invoke.MethodHandles$Lookup::lookupClassOrNull (17 bytes)
Event: 1.646 Thread 0x000000001ee92800 nmethod 935 0x0000000002d59190 code [0x0000000002d592e0, 0x0000000002d59490]
Event: 1.646 Thread 0x000000001ee92800  936       3       java.lang.invoke.MemberName::isResolved (13 bytes)
Event: 1.646 Thread 0x000000001ee92800 nmethod 936 0x0000000002d59510 code [0x0000000002d59660, 0x0000000002d59810]
Event: 1.648 Thread 0x000000001ee92800  937       3       jdk.internal.org.objectweb.asm.MethodVisitor::<init> (35 bytes)
Event: 1.648 Thread 0x000000001ee92800 nmethod 937 0x0000000002d5b110 code [0x0000000002d5b280, 0x0000000002d5b588]
Event: 1.649 Thread 0x000000001e786000 nmethod 931 0x0000000002d5ed90 code [0x0000000002d5ef40, 0x0000000002d5fa18]
Event: 1.652 Thread 0x000000001ee92800  938       3       java.io.InputStream::read (9 bytes)
Event: 1.652 Thread 0x000000001ee92800 nmethod 938 0x0000000002d5e950 code [0x0000000002d5eac0, 0x0000000002d5ece8]

GC Heap History (0 events):
No events

Deoptimization events (1 events):
Event: 1.644 Thread 0x00000000028a7000 Uncommon trap: reason=unstable_if action=reinterpret pc=0x0000000002b6e544 method=java.io.BufferedReader.readLine(Z)Ljava/lang/String; @ 66

Classes redefined (0 events):
No events

Internal exceptions (10 events):
Event: 1.037 Thread 0x00000000028a7000 Exception <a 'sun/nio/fs/WindowsException'> (0x000000076bb76128) thrown at [C:\re\workspace\8-2-build-windows-amd64-cygwin\jdk8u162\10278\hotspot\src\share\vm\prims\jni.cpp, line 709]
Event: 1.037 Thread 0x00000000028a7000 Exception <a 'sun/nio/fs/WindowsException'> (0x000000076bb76930) thrown at [C:\re\workspace\8-2-build-windows-amd64-cygwin\jdk8u162\10278\hotspot\src\share\vm\prims\jni.cpp, line 709]
Event: 1.040 Thread 0x00000000028a7000 Exception <a 'sun/nio/fs/WindowsException'> (0x000000076bb893a8) thrown at [C:\re\workspace\8-2-build-windows-amd64-cygwin\jdk8u162\10278\hotspot\src\share\vm\prims\jni.cpp, line 709]
Event: 1.040 Thread 0x00000000028a7000 Exception <a 'sun/nio/fs/WindowsException'> (0x000000076bb89a68) thrown at [C:\re\workspace\8-2-build-windows-amd64-cygwin\jdk8u162\10278\hotspot\src\share\vm\prims\jni.cpp, line 709]
Event: 1.342 Thread 0x00000000028a7000 Exception <a 'java/io/FileNotFoundException'> (0x000000076ca19d60) thrown at [C:\re\workspace\8-2-build-windows-amd64-cygwin\jdk8u162\10278\hotspot\src\share\vm\prims\jni.cpp, line 709]
Event: 1.360 Thread 0x00000000028a7000 Exception <a 'java/io/FileNotFoundException'> (0x000000076caf4e18) thrown at [C:\re\workspace\8-2-build-windows-amd64-cygwin\jdk8u162\10278\hotspot\src\share\vm\prims\jni.cpp, line 709]
Event: 1.596 Thread 0x00000000028a7000 Exception <a 'sun/nio/fs/WindowsException'> (0x000000076cfdfd80) thrown at [C:\re\workspace\8-2-build-windows-amd64-cygwin\jdk8u162\10278\hotspot\src\share\vm\prims\jni.cpp, line 709]
Event: 1.596 Thread 0x00000000028a7000 Exception <a 'sun/nio/fs/WindowsException'> (0x000000076cfe0550) thrown at [C:\re\workspace\8-2-build-windows-amd64-cygwin\jdk8u162\10278\hotspot\src\share\vm\prims\jni.cpp, line 709]
Event: 1.652 Thread 0x00000000028a7000 Exception <a 'sun/nio/fs/WindowsException'> (0x000000076d16d638) thrown at [C:\re\workspace\8-2-build-windows-amd64-cygwin\jdk8u162\10278\hotspot\src\share\vm\prims\jni.cpp, line 709]
Event: 1.652 Thread 0x00000000028a7000 Exception <a 'sun/nio/fs/WindowsException'> (0x000000076d16de08) thrown at [C:\re\workspace\8-2-build-windows-amd64-cygwin\jdk8u162\10278\hotspot\src\share\vm\prims\jni.cpp, line 709]

Events (10 events):
Event: 1.644 Thread 0x00000000028a7000 DEOPT PACKING pc=0x0000000002b6e544 sp=0x000000000271f130
Event: 1.644 Thread 0x00000000028a7000 DEOPT UNPACKING pc=0x00000000029e583b sp=0x000000000271f100 mode 2
Event: 1.644 loading class com/quartzy/engine/utils/Resource
Event: 1.644 loading class com/quartzy/engine/utils/Resource done
Event: 1.645 loading class com/quartzy/engine/utils/ResourceType
Event: 1.645 loading class com/quartzy/engine/utils/ResourceType done
Event: 1.646 loading class org/lwjgl/stb/STBImage
Event: 1.646 loading class org/lwjgl/stb/STBImage done
Event: 1.647 loading class org/lwjgl/stb/LibSTB
Event: 1.647 loading class org/lwjgl/stb/LibSTB done


Dynamic libraries:
0x00007ff613320000 - 0x00007ff613357000 	C:\Program Files\Java\jdk1.8.0_162\bin\java.exe
0x00007ffe5ecd0000 - 0x00007ffe5eebd000 	C:\WINDOWS\SYSTEM32\ntdll.dll
0x00007ffe5c930000 - 0x00007ffe5c9e3000 	C:\WINDOWS\System32\KERNEL32.DLL
0x00007ffe5afe0000 - 0x00007ffe5b275000 	C:\WINDOWS\System32\KERNELBASE.dll
0x00007ffe5bf90000 - 0x00007ffe5c033000 	C:\WINDOWS\System32\ADVAPI32.dll
0x00007ffe5c450000 - 0x00007ffe5c4ee000 	C:\WINDOWS\System32\msvcrt.dll
0x00007ffe5c1e0000 - 0x00007ffe5c27e000 	C:\WINDOWS\System32\sechost.dll
0x00007ffe5e430000 - 0x00007ffe5e552000 	C:\WINDOWS\System32\RPCRT4.dll
0x00007ffe5c040000 - 0x00007ffe5c1d7000 	C:\WINDOWS\System32\USER32.dll
0x00007ffe5bd00000 - 0x00007ffe5bd20000 	C:\WINDOWS\System32\win32u.dll
0x00007ffe5c9f0000 - 0x00007ffe5ca19000 	C:\WINDOWS\System32\GDI32.dll
0x00007ffe5bd20000 - 0x00007ffe5beb9000 	C:\WINDOWS\System32\gdi32full.dll
0x00007ffe5adf0000 - 0x00007ffe5ae90000 	C:\WINDOWS\System32\msvcp_win.dll
0x00007ffe5ae90000 - 0x00007ffe5af8a000 	C:\WINDOWS\System32\ucrtbase.dll
0x00007ffe50ee0000 - 0x00007ffe51159000 	C:\WINDOWS\WinSxS\amd64_microsoft.windows.common-controls_6595b64144ccf1df_6.0.17763.1217_none_de6e4304534e0ad3\COMCTL32.dll
0x00007ffe5cc00000 - 0x00007ffe5cf2c000 	C:\WINDOWS\System32\combase.dll
0x00007ffe5b460000 - 0x00007ffe5b4de000 	C:\WINDOWS\System32\bcryptPrimitives.dll
0x00007ffe5eaf0000 - 0x00007ffe5eb1e000 	C:\WINDOWS\System32\IMM32.DLL
0x000000006e120000 - 0x000000006e1f1000 	C:\Program Files\Java\jdk1.8.0_162\jre\bin\msvcr100.dll
0x000000006d880000 - 0x000000006e120000 	C:\Program Files\Java\jdk1.8.0_162\jre\bin\server\jvm.dll
0x00007ffe5c280000 - 0x00007ffe5c288000 	C:\WINDOWS\System32\PSAPI.DLL
0x00007ffe36b30000 - 0x00007ffe36b39000 	C:\WINDOWS\SYSTEM32\WSOCK32.dll
0x00007ffe563a0000 - 0x00007ffe563aa000 	C:\WINDOWS\SYSTEM32\VERSION.dll
0x00007ffe55ba0000 - 0x00007ffe55bc4000 	C:\WINDOWS\SYSTEM32\WINMM.dll
0x00007ffe5c850000 - 0x00007ffe5c8bd000 	C:\WINDOWS\System32\WS2_32.dll
0x00007ffe55a60000 - 0x00007ffe55a8d000 	C:\WINDOWS\SYSTEM32\WINMMBASE.dll
0x00007ffe5af90000 - 0x00007ffe5afda000 	C:\WINDOWS\System32\cfgmgr32.dll
0x000000006d870000 - 0x000000006d87f000 	C:\Program Files\Java\jdk1.8.0_162\jre\bin\verify.dll
0x000000006d840000 - 0x000000006d869000 	C:\Program Files\Java\jdk1.8.0_162\jre\bin\java.dll
0x000000006d7a0000 - 0x000000006d7c3000 	C:\Program Files\Java\jdk1.8.0_162\jre\bin\instrument.dll
0x000000006d820000 - 0x000000006d836000 	C:\Program Files\Java\jdk1.8.0_162\jre\bin\zip.dll
0x00007ffe5cf30000 - 0x00007ffe5e424000 	C:\WINDOWS\System32\SHELL32.dll
0x00007ffe5ebf0000 - 0x00007ffe5ec98000 	C:\WINDOWS\System32\shcore.dll
0x00007ffe5b590000 - 0x00007ffe5bcde000 	C:\WINDOWS\System32\windows.storage.dll
0x00007ffe5ace0000 - 0x00007ffe5ad04000 	C:\WINDOWS\System32\profapi.dll
0x00007ffe5ad10000 - 0x00007ffe5ad6d000 	C:\WINDOWS\System32\powrprof.dll
0x00007ffe5c8d0000 - 0x00007ffe5c922000 	C:\WINDOWS\System32\shlwapi.dll
0x00007ffe5ad70000 - 0x00007ffe5ad81000 	C:\WINDOWS\System32\kernel.appcore.dll
0x00007ffe5bce0000 - 0x00007ffe5bcf7000 	C:\WINDOWS\System32\cryptsp.dll
0x00007ffe566d0000 - 0x00007ffe566ea000 	C:\Users\QuartzMiner6000\AppData\Local\JetBrains\Toolbox\apps\IDEA-U\ch-0\201.6668.121\bin\breakgen64.dll
0x000000006d800000 - 0x000000006d81a000 	C:\Program Files\Java\jdk1.8.0_162\jre\bin\net.dll
0x00007ffe5a530000 - 0x00007ffe5a597000 	C:\WINDOWS\system32\mswsock.dll
0x000000006d7e0000 - 0x000000006d7f1000 	C:\Program Files\Java\jdk1.8.0_162\jre\bin\nio.dll
0x00007ffe47720000 - 0x00007ffe47784000 	C:\Users\QuartzMiner6000\AppData\Local\Temp\lwjglQuartzMiner6000\3.2.3-build-13\lwjgl.dll
0x00007ffe179e0000 - 0x00007ffe17c33000 	C:\Users\QuartzMiner6000\AppData\Local\Temp\lwjglQuartzMiner6000\3.2.3-build-13\jemalloc.dll
0x00007ffe43a40000 - 0x00007ffe43aa2000 	C:\Users\QuartzMiner6000\AppData\Local\Temp\lwjglQuartzMiner6000\3.2.3-build-13\glfw.dll
0x00007ffe58e20000 - 0x00007ffe58ebc000 	C:\WINDOWS\system32\uxtheme.dll
0x00007ffe476d0000 - 0x00007ffe47714000 	C:\WINDOWS\SYSTEM32\dinput8.dll
0x00007ffe4c0e0000 - 0x00007ffe4c0f1000 	C:\WINDOWS\SYSTEM32\xinput1_4.dll
0x00007ffe5aaf0000 - 0x00007ffe5ab19000 	C:\WINDOWS\SYSTEM32\DEVOBJ.dll
0x00007ffe590c0000 - 0x00007ffe590ee000 	C:\WINDOWS\SYSTEM32\dwmapi.dll
0x00007ffe5b280000 - 0x00007ffe5b45c000 	C:\WINDOWS\System32\CRYPT32.dll
0x00007ffe5acc0000 - 0x00007ffe5acd2000 	C:\WINDOWS\System32\MSASN1.dll
0x00007ffe42190000 - 0x00007ffe4225c000 	C:\WINDOWS\SYSTEM32\inputhost.dll
0x00007ffe57730000 - 0x00007ffe57812000 	C:\WINDOWS\SYSTEM32\CoreMessaging.dll
0x00007ffe55e20000 - 0x00007ffe56142000 	C:\WINDOWS\SYSTEM32\CoreUIComponents.dll
0x00007ffe591a0000 - 0x00007ffe593b4000 	C:\WINDOWS\SYSTEM32\twinapi.appcore.dll
0x00007ffe56c40000 - 0x00007ffe571fe000 	C:\WINDOWS\SYSTEM32\d2d1.dll
0x00007ffe58580000 - 0x00007ffe587fe000 	C:\WINDOWS\SYSTEM32\d3d11.dll
0x00007ffe58800000 - 0x00007ffe58953000 	C:\WINDOWS\SYSTEM32\wintypes.dll
0x00007ffe55c70000 - 0x00007ffe55e19000 	C:\WINDOWS\SYSTEM32\PROPSYS.dll
0x00007ffe59650000 - 0x00007ffe59681000 	C:\WINDOWS\SYSTEM32\ntmarta.dll
0x00007ffe5eb20000 - 0x00007ffe5ebe4000 	C:\WINDOWS\System32\OLEAUT32.dll
0x00007ffe593c0000 - 0x00007ffe593e8000 	C:\WINDOWS\SYSTEM32\RMCLIENT.dll
0x00007ffe59920000 - 0x00007ffe599e2000 	C:\WINDOWS\SYSTEM32\dxgi.dll
0x00007ffe5c4f0000 - 0x00007ffe5c65c000 	C:\WINDOWS\System32\MSCTF.dll
0x00007ffdec2b0000 - 0x00007ffdec3bd000 	C:\Program Files (x86)\Razer\Razer Cortex\x64\k_fps64.dll
0x00007ffe41da0000 - 0x00007ffe41e1f000 	C:\Program Files (x86)\Razer\Razer Cortex\x64\d3dx10_43.dll
0x00007ffdec040000 - 0x00007ffdec2af000 	C:\Program Files (x86)\Razer\Razer Cortex\x64\D3DCOMPILER_43.dll
0x00007ffe59b40000 - 0x00007ffe59d2d000 	C:\WINDOWS\SYSTEM32\dbghelp.dll
0x00007ffe5caa0000 - 0x00007ffe5cbf5000 	C:\WINDOWS\System32\ole32.dll
0x00007ffe10160000 - 0x00007ffe101b7000 	C:\Program Files (x86)\Razer\Razer Cortex\x64\EasyHook64.dll
0x00007ffdebf10000 - 0x00007ffdec037000 	C:\WINDOWS\SYSTEM32\OPENGL32.dll
0x00007ffdebca0000 - 0x00007ffdebf03000 	C:\Program Files (x86)\Razer\Razer Cortex\x64\d3dx9_43.dll
0x00007ffe41d70000 - 0x00007ffe41d9c000 	C:\WINDOWS\SYSTEM32\GLU32.dll
0x00007ffe59860000 - 0x00007ffe5986e000 	C:\WINDOWS\SYSTEM32\HID.DLL
0x00007ffe5e5c0000 - 0x00007ffe5ea36000 	C:\WINDOWS\System32\SETUPAPI.DLL
0x00007ffe5bec0000 - 0x00007ffe5bee6000 	C:\WINDOWS\System32\bcrypt.dll
0x00007ffe5ad90000 - 0x00007ffe5ade9000 	C:\WINDOWS\System32\WINTRUST.dll
0x00007ffddc710000 - 0x00007ffddee34000 	C:\WINDOWS\System32\DriverStore\FileRepository\nv_dispi.inf_amd64_9952681a7bb1dfac\nvoglv64.dll
0x00007ffe57e30000 - 0x00007ffe57e43000 	C:\WINDOWS\SYSTEM32\WTSAPI32.dll
0x00007ffe28310000 - 0x00007ffe285c7000 	C:\WINDOWS\system32\nvspcap64.dll
0x00007ffe59da0000 - 0x00007ffe59df8000 	C:\WINDOWS\SYSTEM32\WINSTA.dll
0x00007ffe42260000 - 0x00007ffe422f5000 	C:\WINDOWS\System32\TextInputFramework.dll
0x00007ffe438c0000 - 0x00007ffe43919000 	C:\Users\QuartzMiner6000\AppData\Local\Temp\lwjglQuartzMiner6000\3.2.3-build-13\lwjgl_opengl.dll
0x000000006d600000 - 0x000000006d798000 	C:\Program Files\Java\jdk1.8.0_162\jre\bin\awt.dll
0x00007ffe57c30000 - 0x00007ffe57cbc000 	C:\WINDOWS\SYSTEM32\apphelp.dll
0x000000006d5b0000 - 0x000000006d5f7000 	C:\Program Files\Java\jdk1.8.0_162\jre\bin\fontmanager.dll
0x00007ffe52d00000 - 0x00007ffe52e9e000 	C:\WINDOWS\system32\d3d9.dll
0x00007ffe501f0000 - 0x00007ffe502df000 	C:\WINDOWS\System32\DriverStore\FileRepository\nv_dispi.inf_amd64_9952681a7bb1dfac\nvldumdx.dll
0x00007ffe56370000 - 0x00007ffe5639f000 	C:\WINDOWS\SYSTEM32\cryptnet.dll
0x00007ffe5a700000 - 0x00007ffe5a70c000 	C:\WINDOWS\SYSTEM32\cryptbase.dll
0x00007ffe5bef0000 - 0x00007ffe5bf0d000 	C:\WINDOWS\System32\imagehlp.dll
0x00007ffe5a0b0000 - 0x00007ffe5a0e3000 	C:\WINDOWS\system32\rsaenh.dll
0x00007ffddb1e0000 - 0x00007ffddc703000 	C:\WINDOWS\System32\DriverStore\FileRepository\nv_dispi.inf_amd64_9952681a7bb1dfac\nvd3dumx.dll
0x00007ffe598a0000 - 0x00007ffe598c2000 	C:\WINDOWS\SYSTEM32\gpapi.dll
0x000000006d560000 - 0x000000006d5a2000 	C:\Program Files\Java\jdk1.8.0_162\jre\bin\t2k.dll
0x000000006d4b0000 - 0x000000006d552000 	C:\Program Files\Java\jdk1.8.0_162\jre\bin\mlib_image.dll
0x00007ffe15320000 - 0x00007ffe1542b000 	C:\Users\QuartzMiner6000\AppData\Local\Temp\lwjglQuartzMiner6000\3.2.3-build-13\OpenAL.dll
0x00007ffe5ea40000 - 0x00007ffe5eae2000 	C:\WINDOWS\System32\clbcatq.dll
0x00007ffe54940000 - 0x00007ffe549b0000 	C:\WINDOWS\System32\MMDevApi.dll
0x00007ffe50d90000 - 0x00007ffe50ed8000 	C:\WINDOWS\SYSTEM32\AUDIOSES.DLL
0x00007ffe58540000 - 0x00007ffe5854a000 	C:\WINDOWS\SYSTEM32\AVRT.dll
0x00007ffe593f0000 - 0x00007ffe59404000 	C:\WINDOWS\SYSTEM32\resourcepolicyclient.dll
0x00007ffe36450000 - 0x00007ffe364c7000 	C:\Users\QuartzMiner6000\AppData\Local\Temp\lwjglQuartzMiner6000\3.2.3-build-13\lwjgl_stb.dll

VM Arguments:
jvm_args: -javaagent:C:\Users\QuartzMiner6000\AppData\Local\JetBrains\Toolbox\apps\IDEA-U\ch-0\201.6668.121\lib\idea_rt.jar=52054:C:\Users\QuartzMiner6000\AppData\Local\JetBrains\Toolbox\apps\IDEA-U\ch-0\201.6668.121\bin -Dfile.encoding=UTF-8 
java_command: com.quartzy.client.Main debug
java_class_path (initial): C:\Program Files\Java\jdk1.8.0_162\jre\lib\RXTXcomm.jar;C:\Program Files\Java\jdk1.8.0_162\jre\lib\charsets.jar;C:\Program Files\Java\jdk1.8.0_162\jre\lib\deploy.jar;C:\Program Files\Java\jdk1.8.0_162\jre\lib\ext\RXTXcomm.jar;C:\Program Files\Java\jdk1.8.0_162\jre\lib\ext\access-bridge-64.jar;C:\Program Files\Java\jdk1.8.0_162\jre\lib\ext\cldrdata.jar;C:\Program Files\Java\jdk1.8.0_162\jre\lib\ext\dnsns.jar;C:\Program Files\Java\jdk1.8.0_162\jre\lib\ext\jaccess.jar;C:\Program Files\Java\jdk1.8.0_162\jre\lib\ext\jfxrt.jar;C:\Program Files\Java\jdk1.8.0_162\jre\lib\ext\localedata.jar;C:\Program Files\Java\jdk1.8.0_162\jre\lib\ext\nashorn.jar;C:\Program Files\Java\jdk1.8.0_162\jre\lib\ext\sunec.jar;C:\Program Files\Java\jdk1.8.0_162\jre\lib\ext\sunjce_provider.jar;C:\Program Files\Java\jdk1.8.0_162\jre\lib\ext\sunmscapi.jar;C:\Program Files\Java\jdk1.8.0_162\jre\lib\ext\sunpkcs11.jar;C:\Program Files\Java\jdk1.8.0_162\jre\lib\ext\zipfs.jar;C:\Program Files\Java\jdk1.8.0_162\jre\lib\javaws.jar;C:\Program Files\Java\jdk1.8.0_162\jre\lib\jce.jar;C:\Program Files\Java\jdk1.8.0_162\jre\lib\jfr.jar;C:\Program Files\Java\jdk1.8.0_162\jre\lib\jfxswt.jar;C:\Program Files\Java\jdk1.8.0_162\jre\lib\jsse.jar;C:\Program Files\Java\jdk1.8.0_162\jre\lib\management-agent.jar;C:\Program Files\Java\jdk1.8.0_162\jre\lib\plugin.jar;C:\Program Files\Java\jdk1.8.0_162\jre\lib\resources.jar;C:\Program Files\Java\jdk1.8.0_162\jre\lib\rt.jar;C:\Users\QuartzMiner6000\IdeaProjects\OpenGlEngine\target\classes;C:\Users\QuartzMiner6000\.m2\repository\org\jbox2d\jbox2d-library\2.2.1.1\jbox2d-library-2.2.1.1.jar;C:\Users\QuartzMiner6000\.m2\repository\org\lwjgl\lwjgl\3.2.3\lwjgl-3.2.3.jar;C:\Users\QuartzMiner6000\.m2\repository\org\lwjgl\lwjgl-assimp\3.2.3\lwjgl-assimp-3.2.3.jar;C:\Users\QuartzMiner6000\.m2\repository\org\lwjgl\lwjgl-bgfx\3.2.3\lwjgl-bgfx-3.2.3.jar;C:\Users\QuartzMiner6000\.m2\repository\org\lwjgl\lwjgl-cuda\3.2.3\lwjgl-cuda-3.2.3.jar;C:\Users\QuartzMiner
Launcher Type: SUN_STANDARD

Environment Variables:
JAVA_HOME=C:\Program Files\Java\jdk1.8.0_162
PATH=C:\Program Files (x86)\Common Files\Oracle\Java\javapath;C:\ProgramData\Oracle\Java\javapath;C:\WINDOWS\system32;C:\WINDOWS;C:\WINDOWS\System32\Wbem;C:\WINDOWS\System32\WindowsPowerShell\v1.0\;C:\Program Files\WorldPainter;C:\Program Files\Java\jdk1.8.0_162\bin;C:\WINDOWS\System32\OpenSSH\;C:\Program Files\Git\cmd;C:\Program Files\dotnet\;C:\Program Files\Microsoft SQL Server\130\Tools\Binn\;C:\Program Files (x86)\Brackets\command;C:\Program Files (x86)\Windows Kits\10\Windows Performance Toolkit\;C:\Program Files (x86)\Windows Kits\8.1\Windows Performance Toolkit\;C:\Program Files\NVIDIA Corporation\NVIDIA NvDLISR;C:\Program Files\nodejs\;C:\WINDOWS\system32;C:\WINDOWS;C:\WINDOWS\System32\Wbem;C:\WINDOWS\System32\WindowsPowerShell\v1.0\;C:\WINDOWS\System32\OpenSSH\;C:\Program Files (x86)\Google\Cloud SDK\google-cloud-sdk\bin;C:\Program Files (x86)\NVIDIA Corporation\PhysX\Common;C:\Program Files\Microsoft SQL Server\Client SDK\ODBC\170\Tools\Binn\;C:\apache-maven-3.6.3\bin;C:\ffmpeg\bin;C:\Users\QuartzMiner6000\AppData\Local\Microsoft\WindowsApps;C:\Program Files (x86)\sox-14-4-2;C:\Program Files\Heroku\bin;C:\Users\QuartzMiner6000\AppData\Local\GitHubDesktop\bin;C:\Program Files\JetBrains\IntelliJ IDEA 183.2153.8\bin;C:\Users\QuartzMiner6000\AppData\Roaming\npm;C:\Users\QuartzMiner6000\AppData\Local\Microsoft\WindowsApps;C:\Users\QuartzMiner6000\AppData\Local\atom\bin;C:\Users\QuartzMiner6000\AppData\Local\Programs\Microsoft VS Code\bin;C:\Users\QuartzMiner6000\.dotnet\tools;C:\Program Files (x86)\FAHClient
USERNAME=QuartzMiner6000
OS=Windows_NT
PROCESSOR_IDENTIFIER=Intel64 Family 6 Model 158 Stepping 9, GenuineIntel



---------------  S Y S T E M  ---------------

OS: Windows 10.0 , 64 bit Build 17763 (10.0.17763.1158)

CPU:total 8 (initial active 8) (4 cores per cpu, 2 threads per core) family 6 model 158 stepping 9, cmov, cx8, fxsr, mmx, sse, sse2, sse3, ssse3, sse4.1, sse4.2, popcnt, avx, avx2, aes, clmul, erms, rtm, 3dnowpref, lzcnt, ht, tsc, tscinvbit, bmi1, bmi2, adx

Memory: 4k page, physical 16741036k(7446984k free), swap 25653932k(10692272k free)

vm_info: Java HotSpot(TM) 64-Bit Server VM (25.162-b12) for windows-amd64 JRE (1.8.0_162-b12), built on Dec 19 2017 20:00:03 by "java_re" with MS VC++ 10.0 (VS2010)

time: Fri May 29 20:30:02 2020
elapsed time: 1 seconds (0d 0h 0m 1s)

